# JRE version: OpenJDK Runtime Environment (8.0_76-b03) (build 1.8.0_76-release-b03)
# Java VM: OpenJDK 64-Bit Server VM (25.76-b03 mixed mode windows-amd64 compressed oops)
Heap:
 PSYoungGen      total 453632K, used 453176K [0x00000000e0000000, 0x0000000100000000, 0x0000000100000000)
  eden space 396288K, 100% used [0x00000000e0000000,0x00000000f8300000,0x00000000f8300000)
  from space 57344K, 99% used [0x00000000f8300000,0x00000000fba8e200,0x00000000fbb00000)
  to   space 70656K, 99% used [0x00000000fbb00000,0x00000000ffff90e0,0x0000000100000000)
 ParOldGen       total 194560K, used 143290K [0x00000000a0000000, 0x00000000abe00000, 0x00000000e0000000)
  object space 194560K, 73% used [0x00000000a0000000,0x00000000a8beeb88,0x00000000abe00000)
 Metaspace       used 71584K, capacity 74254K, committed 76160K, reserved 1116160K
  class space    used 9046K, capacity 9595K, committed 10112K, reserved 1048576K
GC Heap History (10 events):
Event: 1895.631 GC heap after
Heap after GC invocations=36 (full 8):
 PSYoungGen      total 454656K, used 8156K [0x00000000e0000000, 0x0000000100000000, 0x0000000100000000)
  eden space 428032K, 0% used [0x00000000e0000000,0x00000000e0000000,0x00000000fa200000)
  from space 26624K, 30% used [0x00000000fe600000,0x00000000fedf7038,0x0000000100000000)
  to   space 48128K, 0% used [0x00000000fa200000,0x00000000fa200000,0x00000000fd100000)
 ParOldGen       total 155648K, used 103998K [0x00000000a0000000, 0x00000000a9800000, 0x00000000e0000000)
  object space 155648K, 66% used [0x00000000a0000000,0x00000000a658fb50,0x00000000a9800000)
 Metaspace       used 70961K, capacity 73678K, committed 76160K, reserved 1116160K
  class space    used 9040K, capacity 9595K, committed 10112K, reserved 1048576K
}
Event: 1898.602 GC heap before
{Heap before GC invocations=37 (full 8):
 PSYoungGen      total 454656K, used 436188K [0x00000000e0000000, 0x0000000100000000, 0x0000000100000000)
  eden space 428032K, 100% used [0x00000000e0000000,0x00000000fa200000,0x00000000fa200000)
  from space 26624K, 30% used [0x00000000fe600000,0x00000000fedf7038,0x0000000100000000)
  to   space 48128K, 0% used [0x00000000fa200000,0x00000000fa200000,0x00000000fd100000)
 ParOldGen       total 155648K, used 103998K [0x00000000a0000000, 0x00000000a9800000, 0x00000000e0000000)
  object space 155648K, 66% used [0x00000000a0000000,0x00000000a658fb50,0x00000000a9800000)
 Metaspace       used 71442K, capacity 74190K, committed 76160K, reserved 1116160K
  class space    used 9043K, capacity 9595K, committed 10112K, reserved 1048576K
Event: 1898.749 GC heap after
Heap after GC invocations=37 (full 8):
 PSYoungGen      total 476160K, used 48117K [0x00000000e0000000, 0x0000000100000000, 0x0000000100000000)
  eden space 428032K, 0% used [0x00000000e0000000,0x00000000e0000000,0x00000000fa200000)
  from space 48128K, 99% used [0x00000000fa200000,0x00000000fd0fd628,0x00000000fd100000)
  to   space 48128K, 0% used [0x00000000fd100000,0x00000000fd100000,0x0000000100000000)
 ParOldGen       total 155648K, used 118113K [0x00000000a0000000, 0x00000000a9800000, 0x00000000e0000000)
  object space 155648K, 75% used [0x00000000a0000000,0x00000000a7358480,0x00000000a9800000)
 Metaspace       used 71442K, capacity 74190K, committed 76160K, reserved 1116160K
  class space    used 9043K, capacity 9595K, committed 10112K, reserved 1048576K
}
Event: 1900.439 GC heap before
{Heap before GC invocations=38 (full 8):
 PSYoungGen      total 476160K, used 476149K [0x00000000e0000000, 0x0000000100000000, 0x0000000100000000)
  eden space 428032K, 100% used [0x00000000e0000000,0x00000000fa200000,0x00000000fa200000)
  from space 48128K, 99% used [0x00000000fa200000,0x00000000fd0fd628,0x00000000fd100000)
  to   space 48128K, 0% used [0x00000000fd100000,0x00000000fd100000,0x0000000100000000)
 ParOldGen       total 155648K, used 118113K [0x00000000a0000000, 0x00000000a9800000, 0x00000000e0000000)
  object space 155648K, 75% used [0x00000000a0000000,0x00000000a7358480,0x00000000a9800000)
 Metaspace       used 71501K, capacity 74190K, committed 76160K, reserved 1116160K
  class space    used 9043K, capacity 9595K, committed 10112K, reserved 1048576K
Event: 1900.570 GC heap after
Heap after GC invocations=38 (full 8):
 PSYoungGen      total 444416K, used 37163K [0x00000000e0000000, 0x0000000100000000, 0x0000000100000000)
  eden space 396288K, 0% used [0x00000000e0000000,0x00000000e0000000,0x00000000f8300000)
  from space 48128K, 77% used [0x00000000fd100000,0x00000000ff54af50,0x0000000100000000)
  to   space 64000K, 0% used [0x00000000f8300000,0x00000000f8300000,0x00000000fc180000)
 ParOldGen       total 157184K, used 156419K [0x00000000a0000000, 0x00000000a9980000, 0x00000000e0000000)
  object space 157184K, 99% used [0x00000000a0000000,0x00000000a98c0cb0,0x00000000a9980000)
 Metaspace       used 71501K, capacity 74190K, committed 76160K, reserved 1116160K
  class space    used 9043K, capacity 9595K, committed 10112K, reserved 1048576K
}
Event: 1900.570 GC heap before
{Heap before GC invocations=39 (full 9):
 PSYoungGen      total 444416K, used 37163K [0x00000000e0000000, 0x0000000100000000, 0x0000000100000000)
  eden space 396288K, 0% used [0x00000000e0000000,0x00000000e0000000,0x00000000f8300000)
  from space 48128K, 77% used [0x00000000fd100000,0x00000000ff54af50,0x0000000100000000)
  to   space 64000K, 0% used [0x00000000f8300000,0x00000000f8300000,0x00000000fc180000)
 ParOldGen       total 157184K, used 156419K [0x00000000a0000000, 0x00000000a9980000, 0x00000000e0000000)
  object space 157184K, 99% used [0x00000000a0000000,0x00000000a98c0cb0,0x00000000a9980000)
 Metaspace       used 71501K, capacity 74190K, committed 76160K, reserved 1116160K
  class space    used 9043K, capacity 9595K, committed 10112K, reserved 1048576K
Event: 1901.722 GC heap after
Heap after GC invocations=39 (full 9):
 PSYoungGen      total 444416K, used 0K [0x00000000e0000000, 0x0000000100000000, 0x0000000100000000)
  eden space 396288K, 0% used [0x00000000e0000000,0x00000000e0000000,0x00000000f8300000)
  from space 48128K, 0% used [0x00000000fd100000,0x00000000fd100000,0x0000000100000000)
  to   space 64000K, 0% used [0x00000000f8300000,0x00000000f8300000,0x00000000fc180000)
 ParOldGen       total 194560K, used 126176K [0x00000000a0000000, 0x00000000abe00000, 0x00000000e0000000)
  object space 194560K, 64% used [0x00000000a0000000,0x00000000a7b380c0,0x00000000abe00000)
 Metaspace       used 71501K, capacity 74190K, committed 76160K, reserved 1116160K
  class space    used 9043K, capacity 9595K, committed 10112K, reserved 1048576K
}
Event: 1904.311 GC heap before
{Heap before GC invocations=40 (full 9):
 PSYoungGen      total 444416K, used 396288K [0x00000000e0000000, 0x0000000100000000, 0x0000000100000000)
  eden space 396288K, 100% used [0x00000000e0000000,0x00000000f8300000,0x00000000f8300000)
  from space 48128K, 0% used [0x00000000fd100000,0x00000000fd100000,0x0000000100000000)
  to   space 64000K, 0% used [0x00000000f8300000,0x00000000f8300000,0x00000000fc180000)
 ParOldGen       total 194560K, used 126176K [0x00000000a0000000, 0x00000000abe00000, 0x00000000e0000000)
  object space 194560K, 64% used [0x00000000a0000000,0x00000000a7b380c0,0x00000000abe00000)
 Metaspace       used 71505K, capacity 74190K, committed 76160K, reserved 1116160K
  class space    used 9043K, capacity 9595K, committed 10112K, reserved 1048576K
Event: 1904.426 GC heap after
Heap after GC invocations=40 (full 9):
 PSYoungGen      total 453632K, used 56888K [0x00000000e0000000, 0x0000000100000000, 0x0000000100000000)
  eden space 396288K, 0% used [0x00000000e0000000,0x00000000e0000000,0x00000000f8300000)
  from space 57344K, 99% used [0x00000000f8300000,0x00000000fba8e200,0x00000000fbb00000)
  to   space 70656K, 0% used [0x00000000fbb00000,0x00000000fbb00000,0x0000000100000000)
 ParOldGen       total 194560K, used 126176K [0x00000000a0000000, 0x00000000abe00000, 0x00000000e0000000)
  object space 194560K, 64% used [0x00000000a0000000,0x00000000a7b380c0,0x00000000abe00000)
 Metaspace       used 71505K, capacity 74190K, committed 76160K, reserved 1116160K
  class space    used 9043K, capacity 9595K, committed 10112K, reserved 1048576K
}
Event: 1911.561 GC heap before
{Heap before GC invocations=41 (full 9):
 PSYoungGen      total 453632K, used 453176K [0x00000000e0000000, 0x0000000100000000, 0x0000000100000000)
  eden space 396288K, 100% used [0x00000000e0000000,0x00000000f8300000,0x00000000f8300000)
  from space 57344K, 99% used [0x00000000f8300000,0x00000000fba8e200,0x00000000fbb00000)
  to   space 70656K, 0% used [0x00000000fbb00000,0x00000000fbb00000,0x0000000100000000)
 ParOldGen       total 194560K, used 126176K [0x00000000a0000000, 0x00000000abe00000, 0x00000000e0000000)
  object space 194560K, 64% used [0x00000000a0000000,0x00000000a7b380c0,0x00000000abe00000)
 Metaspace       used 71584K, capacity 74254K, committed 76160K, reserved 1116160K
  class space    used 9046K, capacity 9595K, committed 10112K, reserved 1048576K

